This is pdfTeX, Version 3.1415926-2.5-1.40.14 (TeX Live 2013/Arch Linux) (format=pdflatex 2013.8.7)  5 SEP 2013 02:25
entering extended mode
 restricted \write18 enabled.
 %&-line parsing enabled.
**final_report.tex
(./final_report.tex
LaTeX2e <2011/06/27>
Babel <3.9f> and hyphenation patterns for 78 languages loaded.
(/usr/share/texmf-dist/tex/latex/base/report.cls
Document Class: report 2007/10/19 v1.4h Standard LaTeX document class
(/usr/share/texmf-dist/tex/latex/base/size11.clo
File: size11.clo 2007/10/19 v1.4h Standard LaTeX file (size option)
)
\c@part=\count79
\c@chapter=\count80
\c@section=\count81
\c@subsection=\count82
\c@subsubsection=\count83
\c@paragraph=\count84
\c@subparagraph=\count85
\c@figure=\count86
\c@table=\count87
\abovecaptionskip=\skip41
\belowcaptionskip=\skip42
\bibindent=\dimen102
)
(/usr/share/texmf-dist/tex/latex/geometry/geometry.sty
Package: geometry 2010/09/12 v5.6 Page Geometry

(/usr/share/texmf-dist/tex/latex/graphics/keyval.sty
Package: keyval 1999/03/16 v1.13 key=value parser (DPC)
\KV@toks@=\toks14
)
(/usr/share/texmf-dist/tex/generic/oberdiek/ifpdf.sty
Package: ifpdf 2011/01/30 v2.3 Provides the ifpdf switch (HO)
Package ifpdf Info: pdfTeX in PDF mode is detected.
)
(/usr/share/texmf-dist/tex/generic/oberdiek/ifvtex.sty
Package: ifvtex 2010/03/01 v1.5 Detect VTeX and its facilities (HO)
Package ifvtex Info: VTeX not detected.
)
(/usr/share/texmf-dist/tex/generic/ifxetex/ifxetex.sty
Package: ifxetex 2010/09/12 v0.6 Provides ifxetex conditional
)
\Gm@cnth=\count88
\Gm@cntv=\count89
\c@Gm@tempcnt=\count90
\Gm@bindingoffset=\dimen103
\Gm@wd@mp=\dimen104
\Gm@odd@mp=\dimen105
\Gm@even@mp=\dimen106
\Gm@layoutwidth=\dimen107
\Gm@layoutheight=\dimen108
\Gm@layouthoffset=\dimen109
\Gm@layoutvoffset=\dimen110
\Gm@dimlist=\toks15
)
(/usr/share/texmf-dist/tex/latex/graphics/graphicx.sty
Package: graphicx 1999/02/16 v1.0f Enhanced LaTeX Graphics (DPC,SPQR)

(/usr/share/texmf-dist/tex/latex/graphics/graphics.sty
Package: graphics 2009/02/05 v1.0o Standard LaTeX Graphics (DPC,SPQR)

(/usr/share/texmf-dist/tex/latex/graphics/trig.sty
Package: trig 1999/03/16 v1.09 sin cos tan (DPC)
)
(/usr/share/texmf-dist/tex/latex/latexconfig/graphics.cfg
File: graphics.cfg 2010/04/23 v1.9 graphics configuration of TeX Live
)
Package graphics Info: Driver file: pdftex.def on input line 91.

(/usr/share/texmf-dist/tex/latex/pdftex-def/pdftex.def
File: pdftex.def 2011/05/27 v0.06d Graphics/color for pdfTeX

(/usr/share/texmf-dist/tex/generic/oberdiek/infwarerr.sty
Package: infwarerr 2010/04/08 v1.3 Providing info/warning/error messages (HO)
)
(/usr/share/texmf-dist/tex/generic/oberdiek/ltxcmds.sty
Package: ltxcmds 2011/11/09 v1.22 LaTeX kernel commands for general use (HO)
)
\Gread@gobject=\count91
))
\Gin@req@height=\dimen111
\Gin@req@width=\dimen112
)
(/usr/share/texmf-dist/tex/latex/base/fontenc.sty
Package: fontenc 2005/09/27 v1.99g Standard LaTeX package

(/usr/share/texmf-dist/tex/latex/base/t1enc.def
File: t1enc.def 2005/09/27 v1.99g Standard LaTeX file
LaTeX Font Info:    Redeclaring font encoding T1 on input line 43.
))
(/usr/share/texmf-dist/tex/latex/bera/beramono.sty
Package: beramono 2004/01/31 (WaS)
)
(/usr/share/texmf-dist/tex/latex/amsfonts/amssymb.sty
Package: amssymb 2013/01/14 v3.01 AMS font symbols

(/usr/share/texmf-dist/tex/latex/amsfonts/amsfonts.sty
Package: amsfonts 2013/01/14 v3.01 Basic AMSFonts support
\@emptytoks=\toks16
\symAMSa=\mathgroup4
\symAMSb=\mathgroup5
LaTeX Font Info:    Overwriting math alphabet `\mathfrak' in version `bold'
(Font)                  U/euf/m/n --> U/euf/b/n on input line 106.
))
(/usr/share/texmf-dist/tex/latex/amsmath/amsmath.sty
Package: amsmath 2013/01/14 v2.14 AMS math features
\@mathmargin=\skip43

For additional information on amsmath, use the `?' option.
(/usr/share/texmf-dist/tex/latex/amsmath/amstext.sty
Package: amstext 2000/06/29 v2.01

(/usr/share/texmf-dist/tex/latex/amsmath/amsgen.sty
File: amsgen.sty 1999/11/30 v2.0
\@emptytoks=\toks17
\ex@=\dimen113
))
(/usr/share/texmf-dist/tex/latex/amsmath/amsbsy.sty
Package: amsbsy 1999/11/29 v1.2d
\pmbraise@=\dimen114
)
(/usr/share/texmf-dist/tex/latex/amsmath/amsopn.sty
Package: amsopn 1999/12/14 v2.01 operator names
)
\inf@bad=\count92
LaTeX Info: Redefining \frac on input line 210.
\uproot@=\count93
\leftroot@=\count94
LaTeX Info: Redefining \overline on input line 306.
\classnum@=\count95
\DOTSCASE@=\count96
LaTeX Info: Redefining \ldots on input line 378.
LaTeX Info: Redefining \dots on input line 381.
LaTeX Info: Redefining \cdots on input line 466.
\Mathstrutbox@=\box26
\strutbox@=\box27
\big@size=\dimen115
LaTeX Font Info:    Redeclaring font encoding OML on input line 566.
LaTeX Font Info:    Redeclaring font encoding OMS on input line 567.
\macc@depth=\count97
\c@MaxMatrixCols=\count98
\dotsspace@=\muskip10
\c@parentequation=\count99
\dspbrk@lvl=\count100
\tag@help=\toks18
\row@=\count101
\column@=\count102
\maxfields@=\count103
\andhelp@=\toks19
\eqnshift@=\dimen116
\alignsep@=\dimen117
\tagshift@=\dimen118
\tagwidth@=\dimen119
\totwidth@=\dimen120
\lineht@=\dimen121
\@envbody=\toks20
\multlinegap=\skip44
\multlinetaggap=\skip45
\mathdisplay@stack=\toks21
LaTeX Info: Redefining \[ on input line 2665.
LaTeX Info: Redefining \] on input line 2666.
)
(/usr/share/texmf-dist/tex/latex/subfig/subfig.sty
Package: subfig 2005/06/28 ver: 1.3 subfig package

(/usr/share/texmf-dist/tex/latex/caption/caption.sty
Package: caption 2013/05/02 v3.3-89 Customizing captions (AR)

(/usr/share/texmf-dist/tex/latex/caption/caption3.sty
Package: caption3 2013/05/02 v1.6-88 caption3 kernel (AR)
Package caption3 Info: TeX engine: e-TeX on input line 57.
\captionmargin=\dimen122
\captionmargin@=\dimen123
\captionwidth=\dimen124
\caption@tempdima=\dimen125
\caption@indent=\dimen126
\caption@parindent=\dimen127
\caption@hangindent=\dimen128
)
\c@ContinuedFloat=\count104
)
\c@KVtest=\count105
\sf@farskip=\skip46
\sf@captopadj=\dimen129
\sf@capskip=\skip47
\sf@nearskip=\skip48
\c@subfigure=\count106
\c@subfigure@save=\count107
\c@lofdepth=\count108
\c@subtable=\count109
\c@subtable@save=\count110
\c@lotdepth=\count111
\sf@top=\skip49
\sf@bottom=\skip50
)
(/usr/share/texmf-dist/tex/latex/paralist/paralist.sty
Package: paralist 2002/03/18 v2.3b Extended list environments (BS)
\pltopsep=\skip51
\plpartopsep=\skip52
\plitemsep=\skip53
\plparsep=\skip54
\pl@lab=\toks22
)
(/usr/share/texmf-dist/tex/latex/sttools/stfloats.sty
Package: stfloats 2012/05/29 v1.1 Improve float mechanism and baselineskip sett
ings
\@dblbotnum=\count112
\c@dblbotnumber=\count113
)
(/usr/share/texmf-dist/tex/latex/xcolor/xcolor.sty
Package: xcolor 2007/01/21 v2.11 LaTeX color extensions (UK)

(/usr/share/texmf-dist/tex/latex/latexconfig/color.cfg
File: color.cfg 2007/01/18 v1.5 color configuration of teTeX/TeXLive
)
Package xcolor Info: Driver file: pdftex.def on input line 225.

(/usr/share/texmf-dist/tex/latex/colortbl/colortbl.sty
Package: colortbl 2012/02/13 v1.0a Color table columns (DPC)

(/usr/share/texmf-dist/tex/latex/tools/array.sty
Package: array 2008/09/09 v2.4c Tabular extension package (FMi)
\col@sep=\dimen130
\extrarowheight=\dimen131
\NC@list=\toks23
\extratabsurround=\skip55
\backup@length=\skip56
)
\everycr=\toks24
\minrowclearance=\skip57
)
\rownum=\count114
Package xcolor Info: Model `cmy' substituted by `cmy0' on input line 1337.
Package xcolor Info: Model `hsb' substituted by `rgb' on input line 1341.
Package xcolor Info: Model `RGB' extended on input line 1353.
Package xcolor Info: Model `HTML' substituted by `rgb' on input line 1355.
Package xcolor Info: Model `Hsb' substituted by `hsb' on input line 1356.
Package xcolor Info: Model `tHsb' substituted by `hsb' on input line 1357.
Package xcolor Info: Model `HSB' substituted by `hsb' on input line 1358.
Package xcolor Info: Model `Gray' substituted by `gray' on input line 1359.
Package xcolor Info: Model `wave' substituted by `hsb' on input line 1360.
)
(/usr/share/texmf-dist/tex/latex/enumitem/enumitem.sty
Package: enumitem 2011/09/28 v3.5.2 Customized lists
\labelindent=\skip58
\enit@outerparindent=\dimen132
\enit@toks=\toks25
\enit@inbox=\box28
\enitdp@description=\count115
)
(/usr/share/texmf-dist/tex/latex/float/float.sty
Package: float 2001/11/08 v1.3d Float enhancements (AL)
\c@float@type=\count116
\float@exts=\toks26
\float@box=\box29
\@float@everytoks=\toks27
\@floatcapt=\box30
)
(/usr/share/texmf-dist/tex/latex/url/url.sty
\Urlmuskip=\muskip11
Package: url 2006/04/12  ver 3.3  Verb mode for urls, etc.
)
(/usr/share/texmf-dist/tex/latex/algorithms/algorithm.sty
Package: algorithm 2009/08/24 v0.1 Document Style `algorithm' - floating enviro
nment

(/usr/share/texmf-dist/tex/latex/base/ifthen.sty
Package: ifthen 2001/05/26 v1.1c Standard LaTeX ifthen package (DPC)
)
\@float@every@algorithm=\toks28
\c@algorithm=\count117
)
(/usr/share/texmf-dist/tex/latex/algorithms/algorithmic.sty
Package: algorithmic 2009/08/24 v0.1 Document Style `algorithmic'
\c@ALC@unique=\count118
\c@ALC@line=\count119
\c@ALC@rem=\count120
\c@ALC@depth=\count121
\ALC@tlm=\skip59
\algorithmicindent=\skip60
)
(/usr/share/texmf-dist/tex/latex/listings/listings.sty
\lst@mode=\count122
\lst@gtempboxa=\box31
\lst@token=\toks29
\lst@length=\count123
\lst@currlwidth=\dimen133
\lst@column=\count124
\lst@pos=\count125
\lst@lostspace=\dimen134
\lst@width=\dimen135
\lst@newlines=\count126
\lst@lineno=\count127
\lst@maxwidth=\dimen136

(/usr/share/texmf-dist/tex/latex/listings/lstmisc.sty
File: lstmisc.sty 2007/02/22 1.4 (Carsten Heinz)
\c@lstnumber=\count128
\lst@skipnumbers=\count129
\lst@framebox=\box32
)
(/usr/share/texmf-dist/tex/latex/listings/listings.cfg
File: listings.cfg 2007/02/22 1.4 listings configuration
))
Package: listings 2007/02/22 1.4 (Carsten Heinz)

(/usr/share/texmf-dist/tex/latex/appendix/appendix.sty
Package: appendix 2009/09/02 v1.2b extra appendix facilities
\c@@pps=\count130
\c@@ppsavesec=\count131
\c@@ppsaveapp=\count132
)
(/usr/share/texmf-dist/tex/latex/listings/lstlang1.sty
File: lstlang1.sty 2004/09/05 1.3 listings language file
) (./final_report.aux)
\openout1 = `final_report.aux'.

LaTeX Font Info:    Checking defaults for OML/cmm/m/it on input line 100.
LaTeX Font Info:    ... okay on input line 100.
LaTeX Font Info:    Checking defaults for T1/cmr/m/n on input line 100.
LaTeX Font Info:    ... okay on input line 100.
LaTeX Font Info:    Checking defaults for OT1/cmr/m/n on input line 100.
LaTeX Font Info:    ... okay on input line 100.
LaTeX Font Info:    Checking defaults for OMS/cmsy/m/n on input line 100.
LaTeX Font Info:    ... okay on input line 100.
LaTeX Font Info:    Checking defaults for OMX/cmex/m/n on input line 100.
LaTeX Font Info:    ... okay on input line 100.
LaTeX Font Info:    Checking defaults for U/cmr/m/n on input line 100.
LaTeX Font Info:    ... okay on input line 100.

*geometry* driver: auto-detecting
*geometry* detected driver: pdftex
*geometry* verbose mode - [ preamble ] result:
* driver: pdftex
* paper: a4paper
* layout: <same size as paper>
* layoutoffset:(h,v)=(0.0pt,0.0pt)
* modes: twoside 
* h-part:(L,W,R)=(71.13188pt, 469.47049pt, 56.9055pt)
* v-part:(T,H,B)=(56.9055pt, 731.23584pt, 56.9055pt)
* \paperwidth=597.50787pt
* \paperheight=845.04684pt
* \textwidth=469.47049pt
* \textheight=731.23584pt
* \oddsidemargin=-1.1381pt
* \evensidemargin=-15.36449pt
* \topmargin=-52.36449pt
* \headheight=12.0pt
* \headsep=25.0pt
* \topskip=11.0pt
* \footskip=30.0pt
* \marginparwidth=103.0pt
* \marginparsep=10.0pt
* \columnsep=10.0pt
* \skip\footins=10.0pt plus 4.0pt minus 2.0pt
* \hoffset=0.0pt
* \voffset=0.0pt
* \mag=1000
* \@twocolumnfalse
* \@twosidetrue
* \@mparswitchtrue
* \@reversemarginfalse
* (1in=72.27pt=25.4mm, 1cm=28.453pt)

(/usr/share/texmf-dist/tex/context/base/supp-pdf.mkii
[Loading MPS to PDF converter (version 2006.09.02).]
\scratchcounter=\count133
\scratchdimen=\dimen137
\scratchbox=\box33
\nofMPsegments=\count134
\nofMParguments=\count135
\everyMPshowfont=\toks30
\MPscratchCnt=\count136
\MPscratchDim=\dimen138
\MPnumerator=\count137
\makeMPintoPDFobject=\count138
\everyMPtoPDFconversion=\toks31
) (/usr/share/texmf-dist/tex/generic/oberdiek/pdftexcmds.sty
Package: pdftexcmds 2011/11/29 v0.20 Utility functions of pdfTeX for LuaTeX (HO
)

(/usr/share/texmf-dist/tex/generic/oberdiek/ifluatex.sty
Package: ifluatex 2010/03/01 v1.3 Provides the ifluatex switch (HO)
Package ifluatex Info: LuaTeX not detected.
)
Package pdftexcmds Info: LuaTeX not detected.
Package pdftexcmds Info: \pdf@primitive is available.
Package pdftexcmds Info: \pdf@ifprimitive is available.
Package pdftexcmds Info: \pdfdraftmode found.
)
(/usr/share/texmf-dist/tex/latex/oberdiek/epstopdf-base.sty
Package: epstopdf-base 2010/02/09 v2.5 Base part for package epstopdf

(/usr/share/texmf-dist/tex/latex/oberdiek/grfext.sty
Package: grfext 2010/08/19 v1.1 Manage graphics extensions (HO)

(/usr/share/texmf-dist/tex/generic/oberdiek/kvdefinekeys.sty
Package: kvdefinekeys 2011/04/07 v1.3 Define keys (HO)
))
(/usr/share/texmf-dist/tex/latex/oberdiek/kvoptions.sty
Package: kvoptions 2011/06/30 v3.11 Key value format for package options (HO)

(/usr/share/texmf-dist/tex/generic/oberdiek/kvsetkeys.sty
Package: kvsetkeys 2012/04/25 v1.16 Key value parser (HO)

(/usr/share/texmf-dist/tex/generic/oberdiek/etexcmds.sty
Package: etexcmds 2011/02/16 v1.5 Avoid name clashes with e-TeX commands (HO)
Package etexcmds Info: Could not find \expanded.
(etexcmds)             That can mean that you are not using pdfTeX 1.50 or
(etexcmds)             that some package has redefined \expanded.
(etexcmds)             In the latter case, load this package earlier.
)))
Package grfext Info: Graphics extension search list:
(grfext)             [.png,.pdf,.jpg,.mps,.jpeg,.jbig2,.jb2,.PNG,.PDF,.JPG,.JPE
G,.JBIG2,.JB2,.eps]
(grfext)             \AppendGraphicsExtensions on input line 452.

(/usr/share/texmf-dist/tex/latex/latexconfig/epstopdf-sys.cfg
File: epstopdf-sys.cfg 2010/07/13 v1.3 Configuration of (r)epstopdf for TeX Liv
e
))
Package caption Info: Begin \AtBeginDocument code.
Package caption Info: subfig package v1.3 is loaded.
Package caption Info: float package is loaded.
Package caption Info: listings package is loaded.
Package caption Info: End \AtBeginDocument code.
\c@lstlisting=\count139
LaTeX Font Info:    Try loading font information for U+msa on input line 142.

(/usr/share/texmf-dist/tex/latex/amsfonts/umsa.fd
File: umsa.fd 2013/01/14 v3.01 AMS symbols A
)
LaTeX Font Info:    Try loading font information for U+msb on input line 142.

(/usr/share/texmf-dist/tex/latex/amsfonts/umsb.fd
File: umsb.fd 2013/01/14 v3.01 AMS symbols B
) [1


{/var/lib/texmf/fonts/map/pdftex/updmap/pdftex.map}] [2] [1] [2] [3] [4] (./fin
al_report.toc [5

])
\tf@toc=\write3
\openout3 = `final_report.toc'.


[6] (./final_report.lof [7

]
LaTeX Font Info:    Try loading font information for T1+fvm on input line 42.
 (/usr/share/texmf-dist/tex/latex/bera/t1fvm.fd
File: t1fvm.fd 2004/09/07 scalable font definitions for T1/fvm.
)
LaTeX Font Info:    Font shape `T1/fvm/m/n' will be
(Font)              scaled to size 9.85492pt on input line 42.
)
\tf@lof=\write4
\openout4 = `final_report.lof'.


[8] (./final_report.lot)
\tf@lot=\write5
\openout5 = `final_report.lot'.

 [9

] [10]
Chapter 1.
<../figures/centralized.png, id=51, 502.87875pt x 496.85625pt>
File: ../figures/centralized.png Graphic file (type png)

<use ../figures/centralized.png>
Package pdftex.def Info: ../figures/centralized.png used on input line 231.
(pdftex.def)             Requested size: 140.84258pt x 139.14912pt.

<../figures/decentralized.png, id=52, 511.9125pt x 563.10374pt>
File: ../figures/decentralized.png Graphic file (type png)

<use ../figures/decentralized.png>
Package pdftex.def Info: ../figures/decentralized.png used on input line 235.
(pdftex.def)             Requested size: 140.84258pt x 154.92703pt.

Underfull \hbox (badness 10000) in paragraph at lines 239--240

 []

[11

 <../figures/centralized.png (PNG copy)> <../figures/decentralized.png (PNG cop
y)>]
Underfull \hbox (badness 10000) in paragraph at lines 247--248

 []


Underfull \hbox (badness 10000) in paragraph at lines 254--255

 []


Underfull \hbox (badness 10000) in paragraph at lines 256--257

 []

[12]
Chapter 2.

Underfull \hbox (badness 10000) in paragraph at lines 270--271

 []


Underfull \hbox (badness 10000) in paragraph at lines 272--273

 []

[13

] <../figures/sampling_error_arrows.jpg, id=65, 369.38pt x 268.00125pt>
File: ../figures/sampling_error_arrows.jpg Graphic file (type jpg)

<use ../figures/sampling_error_arrows.jpg>
Package pdftex.def Info: ../figures/sampling_error_arrows.jpg used on input lin
e 280.
(pdftex.def)             Requested size: 117.36761pt x 85.15283pt.

<../figures/sampling_error_arrows2.jpg, id=66, 384.43625pt x 253.94875pt>
File: ../figures/sampling_error_arrows2.jpg Graphic file (type jpg)

<use ../figures/sampling_error_arrows2.jpg>
Package pdftex.def Info: ../figures/sampling_error_arrows2.jpg used on input li
ne 283.
(pdftex.def)             Requested size: 117.36761pt x 77.5298pt.

Underfull \hbox (badness 3428) in paragraph at lines 283--283
[]\T1/cmr/m/n/9 (b) |node 4 sends its out-
 []


Underfull \hbox (badness 10000) in paragraph at lines 316--317

 []


Underfull \hbox (badness 10000) in paragraph at lines 318--319

 []


Underfull \hbox (badness 10000) in paragraph at lines 320--321

 []


Underfull \hbox (badness 10000) in paragraph at lines 322--323

 []

[14 <../figures/sampling_error_arrows.jpg> <../figures/sampling_error_arrows2.j
pg>] <../figures/network_overlay.png, id=70, 1234.6125pt x 792.9625pt>
File: ../figures/network_overlay.png Graphic file (type png)

<use ../figures/network_overlay.png>
Package pdftex.def Info: ../figures/network_overlay.png used on input line 329.

(pdftex.def)             Requested size: 422.52057pt x 271.37022pt.
 [15 <../figures/network_overlay.png (PNG copy)>] <../figures/chord.png, id=74,
 496.85625pt x 507.8975pt>
File: ../figures/chord.png Graphic file (type png)

<use ../figures/chord.png>
Package pdftex.def Info: ../figures/chord.png used on input line 347.
(pdftex.def)             Requested size: 281.68515pt x 287.94685pt.

Underfull \hbox (badness 10000) in paragraph at lines 352--354

 []

[16 <../figures/chord.png (PNG copy)>]
Underfull \hbox (badness 10000) in paragraph at lines 361--362

 []

<../figures/pastry_table.png, id=82, 399.74344pt x 426.09187pt>
File: ../figures/pastry_table.png Graphic file (type png)

<use ../figures/pastry_table.png>
Package pdftex.def Info: ../figures/pastry_table.png used on input line 370.
(pdftex.def)             Requested size: 187.78532pt x 200.16568pt.

<../figures/pastry_routing.png, id=83, 722.7pt x 694.595pt>
File: ../figures/pastry_routing.png Graphic file (type png)

<use ../figures/pastry_routing.png>
Package pdftex.def Info: ../figures/pastry_routing.png used on input line 374.
(pdftex.def)             Requested size: 211.26028pt x 203.03838pt.
 [17 <../figures/pastry_table.png> <../figures/pastry_routing.png (PNG copy)>]
Underfull \hbox (badness 10000) in paragraph at lines 393--394

 []


Underfull \hbox (badness 10000) in paragraph at lines 395--396

 []


Underfull \hbox (badness 10000) in paragraph at lines 397--398

 []


Underfull \hbox (badness 10000) in paragraph at lines 420--421

 []

[18] <../figures/non-uniform.png, id=93, 510.90875pt x 312.16624pt>
File: ../figures/non-uniform.png Graphic file (type png)

<use ../figures/non-uniform.png>
Package pdftex.def Info: ../figures/non-uniform.png used on input line 426.
(pdftex.def)             Requested size: 422.52057pt x 258.15955pt.

Underfull \hbox (badness 10000) in paragraph at lines 436--437

 []

[19 <../figures/non-uniform.png (PNG copy)>]
<../figures/spanning1.png, id=99, 251.94125pt x 325.215pt>
File: ../figures/spanning1.png Graphic file (type png)

<use ../figures/spanning1.png>
Package pdftex.def Info: ../figures/spanning1.png used on input line 444.
(pdftex.def)             Requested size: 117.36761pt x 151.5013pt.

<../figures/spanning2.png, id=100, 348.30125pt x 342.27875pt>
File: ../figures/spanning2.png Graphic file (type png)

<use ../figures/spanning2.png>
Package pdftex.def Info: ../figures/spanning2.png used on input line 447.
(pdftex.def)             Requested size: 154.92612pt x 152.24826pt.

<../figures/spanning3.png, id=101, 348.30125pt x 342.27875pt>
File: ../figures/spanning3.png Graphic file (type png)

<use ../figures/spanning3.png>
Package pdftex.def Info: ../figures/spanning3.png used on input line 450.
(pdftex.def)             Requested size: 154.92612pt x 152.24826pt.

Underfull \hbox (badness 10000) in paragraph at lines 462--463

 []

[20 <../figures/spanning1.png (PNG copy)> <../figures/spanning2.png (PNG copy)>
 <../figures/spanning3.png (PNG copy)>]
Underfull \hbox (badness 10000) in paragraph at lines 464--465

 []


Underfull \hbox (badness 10000) in paragraph at lines 466--467

 []


Underfull \hbox (badness 10000) in paragraph at lines 472--473

 []


Underfull \hbox (badness 10000) in paragraph at lines 474--475

 []

[21]
Underfull \hbox (badness 10000) in paragraph at lines 477--478

 []


Underfull \hbox (badness 10000) in paragraph at lines 490--491

 []

[22] <../figures/dynamic_system.png, id=112, 389.455pt x 119.44624pt>
File: ../figures/dynamic_system.png Graphic file (type png)

<use ../figures/dynamic_system.png>
Package pdftex.def Info: ../figures/dynamic_system.png used on input line 496.
(pdftex.def)             Requested size: 281.68515pt x 86.39671pt.

Underfull \hbox (badness 10000) in paragraph at lines 528--529

 []

[23 <../figures/dynamic_system.png (PNG copy)>]
Underfull \hbox (badness 10000) in paragraph at lines 530--531

 []


Underfull \hbox (badness 10000) in paragraph at lines 532--533

 []


Underfull \hbox (badness 10000) in paragraph at lines 534--541

 []


Underfull \hbox (badness 10000) in paragraph at lines 548--549

 []


Underfull \hbox (badness 10000) in paragraph at lines 548--549

 []


Underfull \hbox (badness 10000) in paragraph at lines 550--562

 []


Underfull \hbox (badness 10000) in paragraph at lines 550--562

 []


Underfull \hbox (badness 10000) in paragraph at lines 570--571

 []


Underfull \hbox (badness 10000) in paragraph at lines 576--577

 []


Underfull \hbox (badness 10000) in paragraph at lines 578--579

 []

[24] <../figures/example_network.png, id=121, 266.9975pt x 209.78375pt>
File: ../figures/example_network.png Graphic file (type png)

<use ../figures/example_network.png>
Package pdftex.def Info: ../figures/example_network.png used on input line 584.

(pdftex.def)             Requested size: 117.36761pt x 92.21869pt.

Underfull \hbox (badness 10000) in paragraph at lines 611--612

 []


Underfull \hbox (badness 10000) in paragraph at lines 643--644

 []

[25 <../figures/example_network.png (PNG copy)>]
Underfull \hbox (badness 10000) in paragraph at lines 645--646

 []


Underfull \hbox (badness 10000) in paragraph at lines 651--652

 []

[26]
Chapter 3.

Underfull \hbox (badness 10000) in paragraph at lines 664--665

 []


Underfull \hbox (badness 10000) in paragraph at lines 666--667

 []


Underfull \hbox (badness 10000) in paragraph at lines 668--669

 []

<../figures/in_neighbours.png, id=128, 278.03876pt x 226.8475pt>
File: ../figures/in_neighbours.png Graphic file (type png)

<use ../figures/in_neighbours.png>
Package pdftex.def Info: ../figures/in_neighbours.png used on input line 675.
(pdftex.def)             Requested size: 187.78532pt x 153.21237pt.

<../figures/out_neighbors.png, id=129, 278.03876pt x 226.8475pt>
File: ../figures/out_neighbors.png Graphic file (type png)

<use ../figures/out_neighbors.png>
Package pdftex.def Info: ../figures/out_neighbors.png used on input line 678.
(pdftex.def)             Requested size: 187.78532pt x 153.21237pt.


LaTeX Warning: `h' float specifier changed to `ht'.


Underfull \hbox (badness 10000) in paragraph at lines 690--691

 []

[27

]
Underfull \hbox (badness 10000) in paragraph at lines 692--693

 []


Underfull \hbox (badness 10000) in paragraph at lines 696--697

 []


Underfull \hbox (badness 10000) in paragraph at lines 698--699

 []

[28 <../figures/in_neighbours.png (PNG copy)> <../figures/out_neighbors.png (PN
G copy)>] <../figures/sequence1.png, id=137, 286.06876pt x 176.15813pt>
File: ../figures/sequence1.png Graphic file (type png)

<use ../figures/sequence1.png>
Package pdftex.def Info: ../figures/sequence1.png used on input line 706.
(pdftex.def)             Requested size: 234.73524pt x 144.55003pt.

<../figures/sequence2.png, id=138, 277.035pt x 206.27063pt>
File: ../figures/sequence2.png Graphic file (type png)

<use ../figures/sequence2.png>
Package pdftex.def Info: ../figures/sequence2.png used on input line 709.
(pdftex.def)             Requested size: 187.78532pt x 139.81837pt.

Underfull \hbox (badness 10000) in paragraph at lines 718--719

 []


Underfull \hbox (badness 10000) in paragraph at lines 720--721

 []


Underfull \hbox (badness 10000) in paragraph at lines 722--723

 []

[29 <../figures/sequence1.png> <../figures/sequence2.png>]
Underfull \hbox (badness 10000) in paragraph at lines 744--745

 []


Underfull \hbox (badness 10000) in paragraph at lines 745--746

 []


Underfull \hbox (badness 10000) in paragraph at lines 746--747

 []

[30]
Underfull \hbox (badness 10000) in paragraph at lines 764--765

 []

[31]
Underfull \hbox (badness 10000) in paragraph at lines 831--832

 []

[32]
Underfull \hbox (badness 10000) in paragraph at lines 834--835

 []

<../figures/session_creation.png, id=153, 926.46124pt x 82.3075pt>
File: ../figures/session_creation.png Graphic file (type png)

<use ../figures/session_creation.png>
Package pdftex.def Info: ../figures/session_creation.png used on input line 843
.
(pdftex.def)             Requested size: 469.47049pt x 41.70874pt.

<../figures/session_execution.png, id=154, 466.74374pt x 131.49126pt>
File: ../figures/session_execution.png Graphic file (type png)

<use ../figures/session_execution.png>
Package pdftex.def Info: ../figures/session_execution.png used on input line 84
6.
(pdftex.def)             Requested size: 281.68515pt x 79.35883pt.

Overfull \hbox (7.26108pt too wide) in paragraph at lines 843--847
 [][] 
 []

[33 <../figures/session_creation.png (PNG copy)> <../figures/session_execution.
png (PNG copy)>] [34]
Underfull \hbox (badness 10000) in paragraph at lines 944--945

 []

<../figures/partial_network.png, id=161, 253.94875pt x 234.8775pt>
File: ../figures/partial_network.png Graphic file (type png)

<use ../figures/partial_network.png>
Package pdftex.def Info: ../figures/partial_network.png used on input line 948.

(pdftex.def)             Requested size: 140.84258pt x 130.26895pt.

Underfull \hbox (badness 10000) in paragraph at lines 953--954

 []

[35 <../figures/partial_network.png (PNG copy)>]
Underfull \hbox (badness 10000) in paragraph at lines 993--994

 []


Underfull \hbox (badness 10000) in paragraph at lines 1016--1018

 []

[36]
Underfull \hbox (badness 10000) in paragraph at lines 1053--1054

 []


Underfull \hbox (badness 10000) in paragraph at lines 1057--1058

 []


Underfull \hbox (badness 10000) in paragraph at lines 1059--1060

 []

[37]
Underfull \hbox (badness 10000) in paragraph at lines 1106--1107

 []

[38]
Underfull \hbox (badness 10000) in paragraph at lines 1154--1155

 []


Underfull \hbox (badness 10000) in paragraph at lines 1156--1157

 []


Underfull \hbox (badness 10000) in paragraph at lines 1158--1159

 []

[39]
Underfull \hbox (badness 10000) in paragraph at lines 1167--1168

 []

<../figures/fault_tolerance.png, id=178, 1048.91875pt x 441.65pt>
File: ../figures/fault_tolerance.png Graphic file (type png)

<use ../figures/fault_tolerance.png>
Package pdftex.def Info: ../figures/fault_tolerance.png used on input line 1171
.
(pdftex.def)             Requested size: 469.47049pt x 197.66914pt.

Underfull \hbox (badness 10000) in paragraph at lines 1175--1176

 []

[40 <../figures/fault_tolerance.png (PNG copy)>]
Chapter 4.

Underfull \hbox (badness 10000) in paragraph at lines 1187--1188

 []


Underfull \hbox (badness 10000) in paragraph at lines 1190--1191

 []


Underfull \hbox (badness 10000) in paragraph at lines 1192--1194

 []

<../figures/physical_neighbors.png, id=182, 1193.45876pt x 723.70375pt>
File: ../figures/physical_neighbors.png Graphic file (type png)

<use ../figures/physical_neighbors.png>
Package pdftex.def Info: ../figures/physical_neighbors.png used on input line 1
200.
(pdftex.def)             Requested size: 211.26028pt x 128.09665pt.

<../figures/overlay_neighbors.png, id=183, 1234.6125pt x 811.03pt>
File: ../figures/overlay_neighbors.png Graphic file (type png)

<use ../figures/overlay_neighbors.png>
Package pdftex.def Info: ../figures/overlay_neighbors.png used on input line 12
04.
(pdftex.def)             Requested size: 211.26028pt x 138.77667pt.

Underfull \hbox (badness 10000) in paragraph at lines 1210--1211

 []

[41

] <../figures/id_mechanism.png, id=188, 928.46875pt x 379.4175pt>
File: ../figures/id_mechanism.png Graphic file (type png)

<use ../figures/id_mechanism.png>
Package pdftex.def Info: ../figures/id_mechanism.png used on input line 1215.
(pdftex.def)             Requested size: 422.52057pt x 172.66417pt.

Underfull \hbox (badness 10000) in paragraph at lines 1221--1222

 []


Underfull \hbox (badness 10000) in paragraph at lines 1223--1224

 []

[42 <../figures/physical_neighbors.png (PNG copy)> <../figures/overlay_neighbor
s.png (PNG copy)> <../figures/id_mechanism.png (PNG copy)>]
<../figures/protocol_stack.png, id=192, 783.92876pt x 580.1675pt>
File: ../figures/protocol_stack.png Graphic file (type png)

<use ../figures/protocol_stack.png>
Package pdftex.def Info: ../figures/protocol_stack.png used on input line 1227.

(pdftex.def)             Requested size: 391.96342pt x 290.08302pt.

Underfull \hbox (badness 10000) in paragraph at lines 1232--1233

 []

[43 <../figures/protocol_stack.png (PNG copy)>]
Underfull \hbox (badness 10000) in paragraph at lines 1246--1247

 []


Underfull \hbox (badness 10000) in paragraph at lines 1258--1259

 []


Underfull \hbox (badness 10000) in paragraph at lines 1260--1261

 []


Underfull \hbox (badness 10000) in paragraph at lines 1262--1263

 []

[44]

LaTeX Warning: No positions in optional float specifier.
               Default added (so using `tbp') on input line 1267.

<../figures/integration_layer.png, id=199, 861.2175pt x 691.58376pt>
File: ../figures/integration_layer.png Graphic file (type png)

<use ../figures/integration_layer.png>
Package pdftex.def Info: ../figures/integration_layer.png used on input line 12
69.
(pdftex.def)             Requested size: 344.4809pt x 276.6286pt.

Underfull \hbox (badness 10000) in paragraph at lines 1283--1285

 []

[45 <../figures/integration_layer.png (PNG copy)>]
<../figures/network_agnostic.png, id=203, 858.20625pt x 438.63875pt>
File: ../figures/network_agnostic.png Graphic file (type png)

<use ../figures/network_agnostic.png>
Package pdftex.def Info: ../figures/network_agnostic.png used on input line 129
4.
(pdftex.def)             Requested size: 343.27641pt x 175.45238pt.
 [46 <../figures/network_agnostic.png (PNG copy)>]
Chapter 5.

Underfull \hbox (badness 10000) in paragraph at lines 1326--1327

 []


Underfull \hbox (badness 10000) in paragraph at lines 1328--1329

 []

[47

]
Underfull \hbox (badness 10000) in paragraph at lines 1330--1331

 []


Underfull \hbox (badness 10000) in paragraph at lines 1332--1333

 []


Overfull \hbox (6.0pt too wide) in paragraph at lines 1335--1335
[][][][][][][] 
 []

LaTeX Font Info:    Font shape `T1/fvm/m/n' will be
(Font)              scaled to size 8.99994pt on input line 1335.
LaTeX Font Info:    Font shape `T1/fvm/bx/n' in size <10> not available
(Font)              Font shape `T1/fvm/b/n' tried instead on input line 1336.
LaTeX Font Info:    Font shape `T1/fvm/b/n' will be
(Font)              scaled to size 8.99994pt on input line 1336.

Underfull \hbox (badness 10000) in paragraph at lines 1365--1366

 []

[48]
Underfull \hbox (badness 10000) in paragraph at lines 1367--1368

 []


Overfull \hbox (6.82736pt too wide) in paragraph at lines 1369--1370
[]\T1/cmr/m/n/10.95 Even though all neigh-bors share the com-mon fea-tures pre-
vi-ously de-scribed (\T1/fvm/m/n/10.95 Id \T1/cmr/m/n/10.95 and \T1/fvm/m/n/10.
95 InetAddress\T1/cmr/m/n/10.95 ),
 []


Underfull \hbox (badness 10000) in paragraph at lines 1369--1370

 []


Overfull \hbox (1.64153pt too wide) in paragraph at lines 1371--1372
[]\T1/cmr/m/n/10.95 To han-dle these dif-fer-ences, the \T1/fvm/m/n/10.95 Neigh
bor \T1/cmr/m/n/10.95 class was ex-tended by two sub-classes, \T1/fvm/m/n/10.95
 PlainNeighbor
 []


Overfull \hbox (7.24724pt too wide) in paragraph at lines 1371--1372
\T1/cmr/m/n/10.95 ing an ad-di-tional \T1/cmr/m/it/10.95 ma-trix-Ele-ment \T1/c
mr/m/n/10.95 field for stor-ing the proper value of ma-trix $\OML/cmm/m/it/10.9
5 A$\T1/cmr/m/n/10.95 , while a \T1/fvm/m/n/10.95 TimedNeighbor
 []


Underfull \hbox (badness 10000) in paragraph at lines 1371--1372

 []


Underfull \hbox (badness 10000) in paragraph at lines 1373--1374

 []

<../figures/neighbors.png, id=215, 501.875pt x 277.035pt>
File: ../figures/neighbors.png Graphic file (type png)

<use ../figures/neighbors.png>
Package pdftex.def Info: ../figures/neighbors.png used on input line 1378.
(pdftex.def)             Requested size: 250.93687pt x 138.51715pt.

Underfull \hbox (badness 10000) in paragraph at lines 1384--1385

 []

[49 <../figures/neighbors.png (PNG copy)>]
<../figures/neighbors_table.png, id=220, 561.09625pt x 253.94875pt>
File: ../figures/neighbors_table.png Graphic file (type png)

<use ../figures/neighbors_table.png>
Package pdftex.def Info: ../figures/neighbors_table.png used on input line 1388
.
(pdftex.def)             Requested size: 280.54744pt x 126.97406pt.

Underfull \hbox (badness 10000) in paragraph at lines 1393--1394

 []


Underfull \hbox (badness 10000) in paragraph at lines 1395--1397

 []


Overfull \hbox (6.0pt too wide) in paragraph at lines 1398--1398
[][][][][][][] 
 []

LaTeX Font Info:    Font shape `T1/fvm/bx/n' in size <10.95> not available
(Font)              Font shape `T1/fvm/b/n' tried instead on input line 1413.
LaTeX Font Info:    Font shape `T1/fvm/b/n' will be
(Font)              scaled to size 9.85492pt on input line 1413.

Underfull \hbox (badness 10000) in paragraph at lines 1413--1415

 []

[50 <../figures/neighbors_table.png (PNG copy)>]
Overfull \hbox (23.0pt too wide) in paragraph at lines 1417--1417
[][][][][][][] 
 []


Underfull \hbox (badness 10000) in paragraph at lines 1427--1428

 []


Underfull \hbox (badness 10000) in paragraph at lines 1453--1455

 []


Underfull \hbox (badness 10000) in paragraph at lines 1453--1455

 []


Underfull \hbox (badness 10000) in paragraph at lines 1456--1457

 []

[51] <../figures/uuid.png, id=227, 415.5525pt x 60.225pt>
File: ../figures/uuid.png Graphic file (type png)

<use ../figures/uuid.png>
Package pdftex.def Info: ../figures/uuid.png used on input line 1462.
(pdftex.def)             Requested size: 207.77574pt x 30.11241pt.

Underfull \hbox (badness 10000) in paragraph at lines 1467--1468

 []


Underfull \hbox (badness 10000) in paragraph at lines 1481--1482

 []

[52 <../figures/uuid.png (PNG copy)>]
LaTeX Font Info:    Try loading font information for OMS+cmr on input line 1486
.

(/usr/share/texmf-dist/tex/latex/base/omscmr.fd
File: omscmr.fd 1999/05/25 v2.5h Standard LaTeX font definitions
)
LaTeX Font Info:    Font shape `OMS/cmr/m/n' in size <10.95> not available
(Font)              Font shape `OMS/cmsy/m/n' tried instead on input line 1486.


Underfull \hbox (badness 10000) in paragraph at lines 1486--1487

 []


Underfull \hbox (badness 10000) in paragraph at lines 1487--1488

 []


Underfull \hbox (badness 10000) in paragraph at lines 1488--1489

 []


Overfull \hbox (6.0pt too wide) in paragraph at lines 1494--1494
[][][][][][][] 
 []


Underfull \hbox (badness 10000) in paragraph at lines 1513--1514

 []


Underfull \hbox (badness 10000) in paragraph at lines 1515--1520

 []


Underfull \hbox (badness 10000) in paragraph at lines 1521--1522

 []

[53]
Overfull \hbox (23.0pt too wide) in paragraph at lines 1531--1531
[][][][][][][] 
 []


Overfull \hbox (23.0pt too wide) in paragraph at lines 1542--1542
[][][][][][][] 
 []


Underfull \hbox (badness 10000) in paragraph at lines 1555--1556

 []


Underfull \hbox (badness 10000) in paragraph at lines 1557--1558

 []


Underfull \hbox (badness 10000) in paragraph at lines 1559--1560

 []

[54]
Overfull \hbox (23.0pt too wide) in paragraph at lines 1563--1563
[][][][][][][] 
 []


Overfull \hbox (23.0pt too wide) in paragraph at lines 1570--1570
[][][][][][][] 
 []


Overfull \hbox (1.483pt too wide) in paragraph at lines 1582--1583
[]\T1/cmr/m/n/10.95 The op-tional op-ti-miza-tion method \T1/fvm/m/n/10.95 remo
veOutNeighborNode(String id) \T1/cmr/m/n/10.95 was not im-ple-mented
 []


Underfull \hbox (badness 10000) in paragraph at lines 1594--1595

 []

[55]
Underfull \hbox (badness 10000) in paragraph at lines 1596--1597

 []

(/usr/share/texmf-dist/tex/latex/listings/lstlang1.sty
File: lstlang1.sty 2004/09/05 1.3 listings language file
)
Overfull \hbox (6.0pt too wide) in paragraph at lines 1608--1608
[][][][][][][] 
 []


Overfull \hbox (6.0pt too wide) in paragraph at lines 1621--1621
[][][][][][][] 
 []


Underfull \hbox (badness 10000) in paragraph at lines 1632--1633

 []

[56]
Overfull \hbox (6.0pt too wide) in paragraph at lines 1644--1644
[][][][][][][] 
 []


Underfull \hbox (badness 10000) in paragraph at lines 1658--1659

 []


Underfull \hbox (badness 10000) in paragraph at lines 1661--1663

 []


Overfull \hbox (1.9995pt too wide) in paragraph at lines 1661--1663
\T1/cmr/m/n/10.95 sage, \T1/fvm/m/n/10.95 MessageSender \T1/cmr/m/n/10.95 re-qu
ires an ob-ject of type \T1/fvm/m/n/10.95 Message \T1/cmr/m/n/10.95 con-structe
d us-ing the \T1/fvm/m/n/10.95 MessageBuilder
 []


Underfull \hbox (badness 10000) in paragraph at lines 1661--1663

 []

[57]
Overfull \hbox (23.0pt too wide) in paragraph at lines 1667--1667
[][][][][][][] 
 []


Underfull \hbox (badness 10000) in paragraph at lines 1685--1687

 []


Underfull \hbox (badness 10000) in paragraph at lines 1685--1687

 []


Underfull \hbox (badness 10000) in paragraph at lines 1688--1689

 []

[58]
Underfull \hbox (badness 10000) in paragraph at lines 1693--1694

 []

<../figures/communication_architecture.png, id=251, 975.645pt x 596.2275pt>
File: ../figures/communication_architecture.png Graphic file (type png)

<use ../figures/communication_architecture.png>
Package pdftex.def Info: ../figures/communication_architecture.png used on inpu
t line 1697.
(pdftex.def)             Requested size: 439.0362pt x 268.2999pt.

Underfull \hbox (badness 10000) in paragraph at lines 1702--1703

 []


Underfull \hbox (badness 10000) in paragraph at lines 1704--1705

 []

[59 <../figures/communication_architecture.png (PNG copy)>]
Underfull \hbox (badness 10000) in paragraph at lines 1711--1712

 []


Underfull \hbox (badness 10000) in paragraph at lines 1715--1716

 []


Underfull \hbox (badness 10000) in paragraph at lines 1723--1724

 []

[60]
Underfull \hbox (badness 10000) in paragraph at lines 1725--1726

 []


Underfull \hbox (badness 10000) in paragraph at lines 1731--1732

 []

<../figures/analyzer.png, id=259, 754.82pt x 243.91125pt>
File: ../figures/analyzer.png Graphic file (type png)

<use ../figures/analyzer.png>
Package pdftex.def Info: ../figures/analyzer.png used on input line 1738.
(pdftex.def)             Requested size: 452.89551pt x 146.34787pt.
 [61 <../figures/analyzer.png (PNG copy)>]
Overfull \hbox (6.23775pt too wide) in paragraph at lines 1757--1758
\T1/cmr/m/n/10.95 pro-to-col de-sign (Chap-ter 3[]). All these op-er-a-tions ar
e per-formed by two classes, \T1/fvm/m/n/10.95 MessageHandlerTask
 []


Underfull \hbox (badness 10000) in paragraph at lines 1760--1762

 []


Underfull \hbox (badness 10000) in paragraph at lines 1760--1762

 []


Underfull \hbox (badness 10000) in paragraph at lines 1763--1764

 []


Overfull \hbox (23.0pt too wide) in paragraph at lines 1765--1765
[][][][][][][] 
 []


Underfull \hbox (badness 10000) in paragraph at lines 1790--1791

 []

[62]
Underfull \hbox (badness 10000) in paragraph at lines 1816--1818

 []


Underfull \hbox (badness 10000) in paragraph at lines 1819--1820

 []


Overfull \hbox (23.0pt too wide) in paragraph at lines 1821--1821
[][][][][][][] 
 []

[63] <../figures/protocol_controller.png, id=269, 722.7pt x 668.4975pt>
File: ../figures/protocol_controller.png Graphic file (type png)

<use ../figures/protocol_controller.png>
Package pdftex.def Info: ../figures/protocol_controller.png used on input line 
1847.
(pdftex.def)             Requested size: 361.3491pt x 334.24792pt.

Underfull \hbox (badness 10000) in paragraph at lines 1852--1853

 []

[64 <../figures/protocol_controller.png (PNG copy)>]
Underfull \hbox (badness 10000) in paragraph at lines 1857--1858

 []


Overfull \hbox (6.0pt too wide) in paragraph at lines 1866--1866
[][][][][][][] 
 []


Underfull \hbox (badness 10000) in paragraph at lines 1882--1883

 []


Underfull \hbox (badness 10000) in paragraph at lines 1883--1884

 []


Underfull \hbox (badness 10000) in paragraph at lines 1886--1887

 []

[65] <../figures/user_interaction.png, id=277, 937.5025pt x 395.4775pt>
File: ../figures/user_interaction.png Graphic file (type png)

<use ../figures/user_interaction.png>
Package pdftex.def Info: ../figures/user_interaction.png used on input line 189
0.
(pdftex.def)             Requested size: 468.7501pt x 197.73827pt.

Underfull \hbox (badness 10000) in paragraph at lines 1895--1896

 []


Overfull \hbox (6.0pt too wide) in paragraph at lines 1897--1897
[][][][][][][] 
 []


Overfull \hbox (3.22928pt too wide) in paragraph at lines 1910--1911
\T1/cmr/m/n/10.95 stor-age com-po-nent has it stored, it calls the \T1/cmr/m/it
/10.95 ses-sion-Stored() \T1/cmr/m/n/10.95 han-dler, pass-ing it the \T1/fvm/m/
n/10.95 RecordedSession
 []


Overfull \hbox (6.0pt too wide) in paragraph at lines 1912--1912
[][][][][][][] 
 []

[66 <../figures/user_interaction.png (PNG copy)>]
Underfull \hbox (badness 10000) in paragraph at lines 1951--1953

 []


Underfull \hbox (badness 10000) in paragraph at lines 1954--1955

 []

[67]
Underfull \hbox (badness 10000) in paragraph at lines 1960--1961

 []


Underfull \hbox (badness 10000) in paragraph at lines 1962--1963

 []


Overfull \hbox (6.0pt too wide) in paragraph at lines 1966--1966
[][][][][][][] 
 []


Underfull \hbox (badness 10000) in paragraph at lines 1989--1990

 []

[68]
Underfull \hbox (badness 10000) in paragraph at lines 1991--1992

 []


Underfull \hbox (badness 10000) in paragraph at lines 1993--1994

 []

<../figures/evaluator.png, id=287, 903.375pt x 595.22375pt>
File: ../figures/evaluator.png Graphic file (type png)

<use ../figures/evaluator.png>
Package pdftex.def Info: ../figures/evaluator.png used on input line 1997.
(pdftex.def)             Requested size: 451.6864pt x 297.61115pt.

Underfull \vbox (badness 1320) has occurred while \output is active []

 [69 <../figures/evaluator.png (PNG copy)>] [70]
Chapter 6.

Underfull \hbox (badness 10000) in paragraph at lines 2052--2053

 []


Underfull \hbox (badness 10000) in paragraph at lines 2054--2055

 []


Underfull \hbox (badness 10000) in paragraph at lines 2056--2057

 []


Underfull \hbox (badness 10000) in paragraph at lines 2058--2059

 []


Underfull \hbox (badness 10000) in paragraph at lines 2060--2061

 []

[71

]
Underfull \hbox (badness 10000) in paragraph at lines 2062--2063

 []


<../evaluation_data/topologies/twenty_nodes.png, id=298, 1882.03125pt x 1882.03
125pt>
File: ../evaluation_data/topologies/twenty_nodes.png Graphic file (type png)
 <use ../evaluation_data/topologies/twenty_nodes.png>
Package pdftex.def Info: ../evaluation_data/topologies/twenty_nodes.png used on
 input line 2086.
(pdftex.def)             Requested size: 319.94109pt x 319.94109pt.

Underfull \vbox (badness 4254) has occurred while \output is active []

 [72 <../evaluation_data/topologies/twenty_nodes.png (PNG copy)>]
Underfull \hbox (badness 10000) in paragraph at lines 2097--2098

 []


Underfull \hbox (badness 10000) in paragraph at lines 2099--2100

 []


Underfull \hbox (badness 10000) in paragraph at lines 2101--2102

 []


Underfull \hbox (badness 10000) in paragraph at lines 2103--2104

 []


<../evaluation_data/no_failures/spectral_20.png, id=302, 448.877pt x 336.457pt>
File: ../evaluation_data/no_failures/spectral_20.png Graphic file (type png)
<use ../evaluation_data/no_failures/spectral_20.png>
Package pdftex.def Info: ../evaluation_data/no_failures/spectral_20.png used on
 input line 2111.
(pdftex.def)             Requested size: 281.68515pt x 211.13733pt.

<../evaluation_data/no_failures/spectral_50.png, id=303, 449.68pt x 337.26pt>
File: ../evaluation_data/no_failures/spectral_50.png Graphic file (type png)

<use ../evaluation_data/no_failures/spectral_50.png>
Package pdftex.def Info: ../evaluation_data/no_failures/spectral_50.png used on
 input line 2114.
(pdftex.def)             Requested size: 281.68515pt x 211.2707pt.

<../evaluation_data/no_failures/spectral_100.png, id=304, 448.877pt x 338.063pt
>
File: ../evaluation_data/no_failures/spectral_100.png Graphic file (type png)
 <use ../evaluation_data/no_failures/spectral_100.png>
Package pdftex.def Info: ../evaluation_data/no_failures/spectral_100.png used o
n input line 2117.
(pdftex.def)             Requested size: 281.68515pt x 212.14514pt.

<../evaluation_data/no_failures/mixing_20.png, id=305, 448.074pt x 338.866pt>
File: ../evaluation_data/no_failures/mixing_20.png Graphic file (type png)

<use ../evaluation_data/no_failures/mixing_20.png>
Package pdftex.def Info: ../evaluation_data/no_failures/mixing_20.png used on i
nput line 2127.
(pdftex.def)             Requested size: 281.68515pt x 213.03168pt.

<../evaluation_data/no_failures/mixing_50.png, id=306, 449.68pt x 337.26pt>
File: ../evaluation_data/no_failures/mixing_50.png Graphic file (type png)

<use ../evaluation_data/no_failures/mixing_50.png>
Package pdftex.def Info: ../evaluation_data/no_failures/mixing_50.png used on i
nput line 2130.
(pdftex.def)             Requested size: 281.68515pt x 211.2707pt.

<../evaluation_data/no_failures/mixing_100.png, id=307, 449.68pt x 337.26pt>
File: ../evaluation_data/no_failures/mixing_100.png Graphic file (type png)

<use ../evaluation_data/no_failures/mixing_100.png>
Package pdftex.def Info: ../evaluation_data/no_failures/mixing_100.png used on 
input line 2133.
(pdftex.def)             Requested size: 281.68515pt x 211.2707pt.

Underfull \vbox (badness 1533) has occurred while \output is active []

 [73]
[74 <../evaluation_data/no_failures/spectral_20.png (PNG copy)> <../evaluation_
data/no_failures/spectral_50.png (PNG copy)> <../evaluation_data/no_failures/sp
ectral_100.png (PNG copy)>] [75 <../evaluation_data/no_failures/mixing_20.png (
PNG copy)> <../evaluation_data/no_failures/mixing_50.png (PNG copy)> <../evalua
tion_data/no_failures/mixing_100.png (PNG copy)>]
Underfull \hbox (badness 10000) in paragraph at lines 2145--2146

 []


Underfull \hbox (badness 10000) in paragraph at lines 2147--2148

 []


<../evaluation_data/single_failure_single_execution/spectral_heatmap.png, id=31
7, 449.68pt x 337.26pt>
File: ../evaluation_data/single_failure_single_execution/spectral_heatmap.png G
raphic file (type png)

<use ../evaluation_data/single_failure_single_execution/spectral_heatmap.png>
Package pdftex.def Info: ../evaluation_data/single_failure_single_execution/spe
ctral_heatmap.png used on input line 2155.
(pdftex.def)             Requested size: 211.26028pt x 158.44531pt.

<../evaluation_data/single_failure_single_execution/mixing_heatmap.png, id=318,
 449.68pt x 337.26pt>
File: ../evaluation_data/single_failure_single_execution/mixing_heatmap.png Gra
phic file (type png)

<use ../evaluation_data/single_failure_single_execution/mixing_heatmap.png>
Package pdftex.def Info: ../evaluation_data/single_failure_single_execution/mix
ing_heatmap.png used on input line 2158.
(pdftex.def)             Requested size: 211.26028pt x 158.44531pt.

Underfull \hbox (badness 10000) in paragraph at lines 2163--2164

 []

[76 <../evaluation_data/single_failure_single_execution/spectral_heatmap.png (P
NG copy)> <../evaluation_data/single_failure_single_execution/mixing_heatmap.pn
g (PNG copy)>]
<../evaluation_data/single_failure_multiple_various_executions/samples.png, id=
322, 458.513pt x 349.305pt>
File: ../evaluation_data/single_failure_multiple_various_executions/samples.png
 Graphic file (type png)

<use ../evaluation_data/single_failure_multiple_various_executions/samples.png>
Package pdftex.def Info: ../evaluation_data/single_failure_multiple_various_exe
cutions/samples.png used on input line 2169.
(pdftex.def)             Requested size: 366.81088pt x 279.44437pt.

Underfull \hbox (badness 10000) in paragraph at lines 2176--2177

 []


Underfull \hbox (badness 10000) in paragraph at lines 2178--2179

 []


<../evaluation_data/single_addition_single_execution/spectral_heatmap.png, id=3
23, 449.68pt x 337.26pt>
File: ../evaluation_data/single_addition_single_execution/spectral_heatmap.png 
Graphic file (type png)

<use ../evaluation_data/single_addition_single_execution/spectral_heatmap.png>
Package pdftex.def Info: ../evaluation_data/single_addition_single_execution/sp
ectral_heatmap.png used on input line 2183.
(pdftex.def)             Requested size: 211.26028pt x 158.44531pt.

<../evaluation_data/single_addition_single_execution/mixing_heatmap.png, id=324
, 449.68pt x 337.26pt>
File: ../evaluation_data/single_addition_single_execution/mixing_heatmap.png Gr
aphic file (type png)

<use ../evaluation_data/single_addition_single_execution/mixing_heatmap.png>
Package pdftex.def Info: ../evaluation_data/single_addition_single_execution/mi
xing_heatmap.png used on input line 2186.
(pdftex.def)             Requested size: 211.26028pt x 158.44531pt.


LaTeX Warning: `h' float specifier changed to `ht'.

[77 <../evaluation_data/single_failure_multiple_various_executions/samples.png 
(PNG copy)>]
<../evaluation_data/single_addition_multiple_executions/addition_samples.png, i
d=329, 449.68pt x 337.26pt>
File: ../evaluation_data/single_addition_multiple_executions/addition_samples.p
ng Graphic file (type png)

<use ../evaluation_data/single_addition_multiple_executions/addition_samples.pn
g>
Package pdftex.def Info: ../evaluation_data/single_addition_multiple_executions
/addition_samples.png used on input line 2196.
(pdftex.def)             Requested size: 359.74448pt x 269.80836pt.

Underfull \hbox (badness 10000) in paragraph at lines 2203--2204

 []

[78 <../evaluation_data/single_addition_single_execution/spectral_heatmap.png (
PNG copy)> <../evaluation_data/single_addition_single_execution/mixing_heatmap.
png (PNG copy)> <../evaluation_data/single_addition_multiple_executions/additio
n_samples.png (PNG copy)>]
Underfull \hbox (badness 10000) in paragraph at lines 2205--2206

 []


Underfull \hbox (badness 10000) in paragraph at lines 2228--2229

 []


<../evaluation_data/failure_rate/failure_rate.png, id=333, 449.68pt x 337.26pt>
File: ../evaluation_data/failure_rate/failure_rate.png Graphic file (type png)
<use ../evaluation_data/failure_rate/failure_rate.png>
Package pdftex.def Info: ../evaluation_data/failure_rate/failure_rate.png used 
on input line 2276.
(pdftex.def)             Requested size: 359.74448pt x 269.80836pt.
 [79]
Underfull \hbox (badness 10000) in paragraph at lines 2289--2290

 []


Underfull \hbox (badness 10000) in paragraph at lines 2291--2292

 []


Underfull \hbox (badness 10000) in paragraph at lines 2293--2294

 []

[80 <../evaluation_data/failure_rate/failure_rate.png (PNG copy)>]
<../evaluation_data/messages_number/message_number.png, id=340, 409.53pt x 278.
641pt>
File: ../evaluation_data/messages_number/message_number.png Graphic file (type 
png)
 <use ../evaluation_data/messages_number/message_number.png>
Package pdftex.def Info: ../evaluation_data/messages_number/message_number.png 
used on input line 2304.
(pdftex.def)             Requested size: 348.10214pt x 236.84595pt.

Underfull \hbox (badness 10000) in paragraph at lines 2309--2310

 []

[81 <../evaluation_data/messages_number/message_number.png (PNG copy)>]
Underfull \hbox (badness 10000) in paragraph at lines 2311--2312

 []


Underfull \hbox (badness 10000) in paragraph at lines 2321--2322

 []


Underfull \hbox (badness 10000) in paragraph at lines 2323--2328

 []


Underfull \hbox (badness 10000) in paragraph at lines 2329--2330

 []

[82]
Underfull \hbox (badness 10000) in paragraph at lines 2338--2339

 []


<../evaluation_data/samplig_app_error/20_nodes/sampling_err.png, id=347, 449.68
pt x 337.26pt>
File: ../evaluation_data/samplig_app_error/20_nodes/sampling_err.png Graphic fi
le (type png)

<use ../evaluation_data/samplig_app_error/20_nodes/sampling_err.png>
Package pdftex.def Info: ../evaluation_data/samplig_app_error/20_nodes/sampling
_err.png used on input line 2343.
(pdftex.def)             Requested size: 211.26028pt x 158.44531pt.

<../evaluation_data/samplig_app_error/50_nodes/sampling_err.png, id=348, 449.68
pt x 337.26pt>
File: ../evaluation_data/samplig_app_error/50_nodes/sampling_err.png Graphic fi
le (type png)

<use ../evaluation_data/samplig_app_error/50_nodes/sampling_err.png>
Package pdftex.def Info: ../evaluation_data/samplig_app_error/50_nodes/sampling
_err.png used on input line 2346.
(pdftex.def)             Requested size: 211.26028pt x 158.44531pt.

<../evaluation_data/samplig_app_error/100_nodes/sampling_err.png, id=349, 449.6
8pt x 337.26pt>
File: ../evaluation_data/samplig_app_error/100_nodes/sampling_err.png Graphic f
ile (type png)

<use ../evaluation_data/samplig_app_error/100_nodes/sampling_err.png>
Package pdftex.def Info: ../evaluation_data/samplig_app_error/100_nodes/samplin
g_err.png used on input line 2349.
(pdftex.def)             Requested size: 211.26028pt x 158.44531pt.

Underfull \hbox (badness 10000) in paragraph at lines 2354--2355

 []

[83 <../evaluation_data/samplig_app_error/20_nodes/sampling_err.png (PNG copy)>
 <../evaluation_data/samplig_app_error/50_nodes/sampling_err.png (PNG copy)> <.
./evaluation_data/samplig_app_error/100_nodes/sampling_err.png (PNG copy)>]
[84]
Chapter 7.

Underfull \hbox (badness 10000) in paragraph at lines 2372--2373

 []


Underfull \hbox (badness 10000) in paragraph at lines 2374--2375

 []


Underfull \hbox (badness 10000) in paragraph at lines 2376--2377

 []


Underfull \hbox (badness 10000) in paragraph at lines 2378--2379

 []

[85

] (./final_report.bbl [86] [87

] [88]
Underfull \hbox (badness 5077) in paragraph at lines 227--232
[]\T1/cmr/m/n/10.95 Kenton Varda.  Pro-to-col buffers: Google's data in-ter-cha
nge for-mat.  Tech-ni-
 []


Underfull \hbox (badness 3029) in paragraph at lines 227--232
\T1/cmr/m/n/10.95 cal re-port, Google, 6 2008.  $\T1/fvm/m/n/10.95 http : / / g
oogle-[]opensource . blogspot . com / 2008 / 07 /
 []

) [89] [90] [91


] [92]
Appendix A.

Underfull \vbox (badness 10000) has occurred while \output is active []

 [93

]
[94]
Underfull \vbox (badness 10000) has occurred while \output is active []

 [95]
[96]
Appendix B.
<../figures/packages/core.png, id=395, 307.90031pt x 262.73157pt>
File: ../figures/packages/core.png Graphic file (type png)

<use ../figures/packages/core.png>
Package pdftex.def Info: ../figures/packages/core.png used on input line 2637.
(pdftex.def)             Requested size: 211.26028pt x 180.27069pt.

<../figures/packages/domain.png, id=396, 434.37282pt x 392.96812pt>
File: ../figures/packages/domain.png Graphic file (type png)

<use ../figures/packages/domain.png>
Package pdftex.def Info: ../figures/packages/domain.png used on input line 2640
.
(pdftex.def)             Requested size: 234.73524pt x 212.36151pt.

<../figures/packages/domain_structure.png, id=397, 353.82187pt x 215.30438pt>
File: ../figures/packages/domain_structure.png Graphic file (type png)

<use ../figures/packages/domain_structure.png>
Package pdftex.def Info: ../figures/packages/domain_structure.png used on input
 line 2647.
(pdftex.def)             Requested size: 211.26028pt x 128.55612pt.

<../figures/packages/domain_network.png, id=398, 301.125pt x 155.07938pt>
File: ../figures/packages/domain_network.png Graphic file (type png)

<use ../figures/packages/domain_network.png>
Package pdftex.def Info: ../figures/packages/domain_network.png used on input l
ine 2650.
(pdftex.def)             Requested size: 211.26028pt x 108.80327pt.

<../figures/packages/evaluation.png, id=399, 270.25969pt x 144.54pt>
File: ../figures/packages/evaluation.png Graphic file (type png)

<use ../figures/packages/evaluation.png>
Package pdftex.def Info: ../figures/packages/evaluation.png used on input line 
2657.
(pdftex.def)             Requested size: 187.78532pt x 100.43404pt.

<../figures/packages/io.png, id=400, 398.99063pt x 93.34875pt>
File: ../figures/packages/io.png Graphic file (type png)

<use ../figures/packages/io.png>
Package pdftex.def Info: ../figures/packages/io.png used on input line 2660.
(pdftex.def)             Requested size: 234.73524pt x 54.9186pt.

Underfull \vbox (badness 10000) has occurred while \output is active []

 [97

 <../figures/packages/core.png> <../figures/packages/domain.png> <../figures/pa
ckages/domain_structure.png> <../figures/packages/domain_network.png>]
<../figures/packages/app.png, id=404, 191.21437pt x 137.01187pt>
File: ../figures/packages/app.png Graphic file (type png)

<use ../figures/packages/app.png>
Package pdftex.def Info: ../figures/packages/app.png used on input line 2668.
(pdftex.def)             Requested size: 164.31754pt x 117.74428pt.

<../figures/packages/storage.png, id=405, 186.6975pt x 140.77594pt>
File: ../figures/packages/storage.png Graphic file (type png)

<use ../figures/packages/storage.png>
Package pdftex.def Info: ../figures/packages/storage.png used on input line 267
1.
(pdftex.def)             Requested size: 164.31754pt x 123.90681pt.

<../figures/packages/algorithms.png, id=406, 141.52875pt x 67.0003pt>
File: ../figures/packages/algorithms.png Graphic file (type png)

<use ../figures/packages/algorithms.png>
Package pdftex.def Info: ../figures/packages/algorithms.png used on input line 
2680.
(pdftex.def)             Requested size: 117.36761pt x 55.56421pt.

<../figures/packages/analysis.png, id=407, 125.71968pt x 69.25874pt>
File: ../figures/packages/analysis.png Graphic file (type png)

<use ../figures/packages/analysis.png>
Package pdftex.def Info: ../figures/packages/analysis.png used on input line 26
83.
(pdftex.def)             Requested size: 117.36761pt x 64.65724pt.

<../figures/packages/event.png, id=408, 160.34906pt x 74.52844pt>
File: ../figures/packages/event.png Graphic file (type png)

<use ../figures/packages/event.png>
Package pdftex.def Info: ../figures/packages/event.png used on input line 2686.

(pdftex.def)             Requested size: 117.36761pt x 54.55199pt.

<../figures/packages/comm.png, id=409, 478.03593pt x 211.54031pt>
File: ../figures/packages/comm.png Graphic file (type png)

<use ../figures/packages/comm.png>
Package pdftex.def Info: ../figures/packages/comm.png used on input line 2693.
(pdftex.def)             Requested size: 422.52057pt x 186.97267pt.
 [98 <../figures/packages/evaluation.png> <../figures/packages/io.png> <../figu
res/packages/app.png> <../figures/packages/storage.png> <../figures/packages/al
gorithms.png> <../figures/packages/analysis.png> <../figures/packages/event.png
> <../figures/packages/comm.png>]
<../figures/dependency_graph.png, id=413, 447.17062pt x 557.08125pt>
File: ../figures/dependency_graph.png Graphic file (type png)

<use ../figures/dependency_graph.png>
Package pdftex.def Info: ../figures/dependency_graph.png used on input line 270
1.
(pdftex.def)             Requested size: 447.16953pt x 557.0799pt.
 [99 <../figures/dependency_graph.png>]
(./final_report.aux) ) 
Here is how much of TeX's memory you used:
 7862 strings out of 493315
 119629 string characters out of 6143705
 254266 words of memory out of 5000000
 11075 multiletter control sequences out of 15000+600000
 28422 words of font info for 77 fonts, out of 8000000 for 9000
 957 hyphenation exceptions out of 8191
 44i,12n,47p,1826b,1535s stack positions out of 5000i,500n,10000p,200000b,80000s
{/usr/share/texmf-dist/fonts/enc/dvips/cm-super/cm-super-
t1.enc}{/usr/share/texmf-dist/fonts/enc/dvips/base/8r.enc}</usr/share/texmf-dis
t/fonts/type1/public/amsfonts/cm/cmex10.pfb></usr/share/texmf-dist/fonts/type1/
public/amsfonts/cm/cmmi10.pfb></usr/share/texmf-dist/fonts/type1/public/amsfont
s/cm/cmmi6.pfb></usr/share/texmf-dist/fonts/type1/public/amsfonts/cm/cmmi8.pfb>
</usr/share/texmf-dist/fonts/type1/public/amsfonts/cm/cmmi9.pfb></usr/share/tex
mf-dist/fonts/type1/public/amsfonts/cm/cmr10.pfb></usr/share/texmf-dist/fonts/t
ype1/public/amsfonts/cm/cmr6.pfb></usr/share/texmf-dist/fonts/type1/public/amsf
onts/cm/cmr8.pfb></usr/share/texmf-dist/fonts/type1/public/amsfonts/cm/cmr9.pfb
></usr/share/texmf-dist/fonts/type1/public/amsfonts/cm/cmsy10.pfb></usr/share/t
exmf-dist/fonts/type1/public/amsfonts/cm/cmsy8.pfb></usr/share/texmf-dist/fonts
/type1/public/bera/fvmb8a.pfb></usr/share/texmf-dist/fonts/type1/public/bera/fv
mr8a.pfb></usr/share/texmf-dist/fonts/type1/public/amsfonts/symbols/msbm10.pfb>
</usr/share/texmf-dist/fonts/type1/public/cm-super/sfbi1095.pfb></usr/share/tex
mf-dist/fonts/type1/public/cm-super/sfbx1095.pfb></usr/share/texmf-dist/fonts/t
ype1/public/cm-super/sfbx1200.pfb></usr/share/texmf-dist/fonts/type1/public/cm-
super/sfbx1440.pfb></usr/share/texmf-dist/fonts/type1/public/cm-super/sfbx2074.
pfb></usr/share/texmf-dist/fonts/type1/public/cm-super/sfbx2488.pfb></usr/share
/texmf-dist/fonts/type1/public/cm-super/sfrm0600.pfb></usr/share/texmf-dist/fon
ts/type1/public/cm-super/sfrm0900.pfb></usr/share/texmf-dist/fonts/type1/public
/cm-super/sfrm1095.pfb></usr/share/texmf-dist/fonts/type1/public/cm-super/sfrm1
200.pfb></usr/share/texmf-dist/fonts/type1/public/cm-super/sfrm1440.pfb></usr/s
hare/texmf-dist/fonts/type1/public/cm-super/sfti0900.pfb></usr/share/texmf-dist
/fonts/type1/public/cm-super/sfti1095.pfb>
Output written on final_report.pdf (101 pages, 3145669 bytes).
PDF statistics:
 508 PDF objects out of 1000 (max. 8388607)
 307 compressed objects within 4 object streams
 0 named destinations out of 1000 (max. 500000)
 336 words of extra memory for PDF output out of 10000 (max. 10000000)

